This is pdfTeX, Version 3.14159265-2.6-1.40.21 (MiKTeX 2.9.7300 64-bit) (preloaded format=pdflatex 2020.2.17)  17 FEB 2020 23:02
entering extended mode
**./Discrete_Math_Basics.tex
(Discrete_Math_Basics.tex
LaTeX2e <2020-02-02> patch level 2
L3 programming layer <2020-02-14>
("C:\Program Files\MiKTeX 2.9\tex/latex/base\article.cls"
Document Class: article 2019/12/20 v1.4l Standard LaTeX document class
("C:\Program Files\MiKTeX 2.9\tex/latex/base\size10.clo"
File: size10.clo 2019/12/20 v1.4l Standard LaTeX file (size option)
)
\c@part=\count167
\c@section=\count168
\c@subsection=\count169
\c@subsubsection=\count170
\c@paragraph=\count171
\c@subparagraph=\count172
\c@figure=\count173
\c@table=\count174
\abovecaptionskip=\skip47
\belowcaptionskip=\skip48
\bibindent=\dimen134
)
("C:\Program Files\MiKTeX 2.9\tex/latex/base\inputenc.sty"
Package: inputenc 2018/08/11 v1.3c Input encoding file
\inpenc@prehook=\toks14
\inpenc@posthook=\toks15
)
("C:\Program Files\MiKTeX 2.9\tex/latex/graphics\graphics.sty"
Package: graphics 2019/11/30 v1.4a Standard LaTeX Graphics (DPC,SPQR)

("C:\Program Files\MiKTeX 2.9\tex/latex/graphics\trig.sty"
Package: trig 2016/01/03 v1.10 sin cos tan (DPC)
)
("C:\Program Files\MiKTeX 2.9\tex/latex/graphics-cfg\graphics.cfg"
File: graphics.cfg 2016/06/04 v1.11 sample graphics configuration
)
Package graphics Info: Driver file: pdftex.def on input line 105.

("C:\Program Files\MiKTeX 2.9\tex/latex/graphics-def\pdftex.def"
File: pdftex.def 2018/01/08 v1.0l Graphics/color driver for pdftex
))
("C:\Program Files\MiKTeX 2.9\tex/latex/l3backend\l3backend-pdfmode.def"
File: l3backend-pdfmode.def 2020-02-03 L3 backend support: PDF mode
\l__kernel_color_stack_int=\count175
\l__pdf_internal_box=\box45
)
(Discrete_Math_Basics.aux)
\openout1 = `Discrete_Math_Basics.aux'.

LaTeX Font Info:    Checking defaults for OML/cmm/m/it on input line 5.
LaTeX Font Info:    ... okay on input line 5.
LaTeX Font Info:    Checking defaults for OMS/cmsy/m/n on input line 5.
LaTeX Font Info:    ... okay on input line 5.
LaTeX Font Info:    Checking defaults for OT1/cmr/m/n on input line 5.
LaTeX Font Info:    ... okay on input line 5.
LaTeX Font Info:    Checking defaults for T1/cmr/m/n on input line 5.
LaTeX Font Info:    ... okay on input line 5.
LaTeX Font Info:    Checking defaults for TS1/cmr/m/n on input line 5.
LaTeX Font Info:    ... okay on input line 5.
LaTeX Font Info:    Checking defaults for OMX/cmex/m/n on input line 5.
LaTeX Font Info:    ... okay on input line 5.
LaTeX Font Info:    Checking defaults for U/cmr/m/n on input line 5.
LaTeX Font Info:    ... okay on input line 5.

("C:\Program Files\MiKTeX 2.9\tex/context/base/mkii\supp-pdf.mkii"
[Loading MPS to PDF converter (version 2006.09.02).]
\scratchcounter=\count176
\scratchdimen=\dimen135
\scratchbox=\box46
\nofMPsegments=\count177
\nofMParguments=\count178
\everyMPshowfont=\toks16
\MPscratchCnt=\count179
\MPscratchDim=\dimen136
\MPnumerator=\count180
\makeMPintoPDFobject=\count181
\everyMPtoPDFconversion=\toks17
) ("C:\Program Files\MiKTeX 2.9\tex/latex/epstopdf-pkg\epstopdf-base.sty"
Package: epstopdf-base 2020-01-24 v2.11 Base part for package epstopdf
Package epstopdf-base Info: Redefining graphics rule for `.eps' on input line 4
85.
)

LaTeX Font Warning: Font shape `OT1/cmr/m/scit' undefined
(Font)              using `OT1/cmr/m/it' instead on input line 52.

[1

{C:/Users/mansi/AppData/Local/MiKTeX/2.9/pdftex/config/pdftex.map}]
(Discrete_Math_Basics.aux) ) 
Here is how much of TeX's memory you used:
 1067 strings out of 481556
 15853 string characters out of 2923634
 246928 words of memory out of 3000000
 16365 multiletter control sequences out of 15000+200000
 533587 words of font info for 28 fonts, out of 3000000 for 9000
 1141 hyphenation exceptions out of 8191
 25i,4n,21p,178b,140s stack positions out of 5000i,500n,10000p,200000b,50000s
<C:/Program Files/MiKTeX 2.9/fonts/type1/public/ams
fonts/cm/cmcsc10.pfb><C:/Program Files/MiKTeX 2.9/fonts/type1/public/amsfonts/c
m/cmti10.pfb>
Output written on Discrete_Math_Basics.pdf (1 page, 29362 bytes).
PDF statistics:
 14 PDF objects out of 1000 (max. 8388607)
 0 named destinations out of 1000 (max. 500000)
 1 words of extra memory for PDF output out of 10000 (max. 10000000)

